128166385295514000
0
128166385295514000
Writing "a" to DRAM
128166385295515000
128166385295514000
1000
Writing "b" to DRAM
128166385301451000
128166385295515000
5936000
Writing "c" to DRAM
128166385301453000
128166385301451000
2000
Reading "b" from DRAM
128166385301454000
128166385301453000
1000
Writing "gig" to DRAM
128166385305515000
128166385301454000
4061000
Writing "hi" to DRAM
128166385315513000
128166385305515000
9998000
Writing "e" to DRAM
128166385315514000
128166385315513000
1000
Writing "f" to DRAM
128166385315515000
128166385315514000
1000
Writing "g" to DRAM
128166385325514000
128166385315515000
9999000
Reading "b" from DRAM
128166385334109000
128166385325514000
8595000
Writing "h" to DRAM
128166385334110000
128166385334109000
1000
Reading "h" from DRAM
128166385334119000
128166385334110000
9000
Reading "b" from DRAM
128166385334265000
128166385334119000
146000
Reading "f" from DRAM
128166385334266000
128166385334265000
1000
Reading "f" from DRAM
128166385351452000
128166385334266000
17186000
Reading "b" from DRAM
128166385357546000
128166385351452000
6094000
Reading "g" from DRAM
128166385368421000
128166385357546000
10875000
Writing "i" to DRAM
128166385396608000
128166385368421000
28187000
Reading "f" from DRAM
128166385396609000
128166385396608000
1000
Reading "f" from DRAM
128166385401451000
128166385396609000
4842000
Reading "b" from DRAM
128166385401453000
128166385401451000
2000
Reading "i" from DRAM
128166385405514000
128166385401453000
4061000
Reading "b" from DRAM
128166385432702000
128166385405514000
27188000
Reading "b" from DRAM
128166385432703000
128166385432702000
1000
Reading "f" from DRAM
128166385435514000
128166385432703000
2811000
Reading "i" from DRAM
128166385451450000
128166385435514000
15936000
Reading "i" from DRAM
128166385451453000
128166385451450000
3000
Reading "b" from DRAM
128166385475514000
128166385451453000
24061000
Reading "hi" from DRAM
128166385495513000
128166385475514000
19999000
Reading "f" from DRAM
128166385501450000
128166385495513000
5937000
Reading "i" from DRAM
128166385501452000
128166385501450000
2000
Reading "h" from DRAM
128166385505514000
128166385501452000
4062000
Reading "f" from DRAM
128166385505515000
128166385505514000
1000
Reading "b" from DRAM
128166385505670000
128166385505515000
155000
Reading "c" from DRAM
128166385505671000
128166385505670000
1000
Reading "b" from DRAM
128166385505671000
128166385505671000
0
Writing "j" to DRAM
128166385515514000
128166385505671000
9843000
Writing "k" to DRAM
128166385545513000
128166385515514000
29999000
Reading "f" from DRAM
128166385545514000
128166385545513000
1000
Reading "b" from DRAM
128166385551450000
128166385545514000
5936000
Reading "i" from DRAM
128166385551452000
128166385551450000
2000
Reading "b" from DRAM
128166385585513000
128166385551452000
34061000
Writing "l" to DRAM
128166385601450000
128166385585513000
15937000
Reading "i" from DRAM
128166385625669000
128166385601450000
24219000
Reading "b" from DRAM
128166385625670000
128166385625669000
1000
Reading "i" from DRAM
128166385645669000
128166385625670000
19999000
Reading "b" from DRAM
128166385651449000
128166385645669000
5780000
Reading "g" from DRAM
128166385651451000
128166385651449000
2000
Reading "b" from DRAM
128166385675669000
128166385651451000
24218000
Reading "b" from DRAM
128166385677960000
128166385675669000
2291000
Reading "hi" from DRAM
128166385678013000
128166385677960000
53000
Reading "b" from DRAM
128166385678014000
128166385678013000
1000
Reading "c" from DRAM
128166385691450000
128166385678014000
13436000
Reading "b" from DRAM
128166385691451000
128166385691450000
1000
Reading "f" from DRAM
128166385701448000
128166385691451000
9997000
Reading "f" from DRAM
128166385701451000
128166385701448000
3000
Reading "f" from DRAM
128166385719354000
128166385701451000
17903000
Reading "b" from DRAM
128166385725668000
128166385719354000
6314000
Reading "h" from DRAM
128166385725669000
128166385725668000
1000
Reading "b" from DRAM
128166385725670000
128166385725669000
1000
Reading "b" from DRAM
128166385727959000
128166385725670000
2289000
Reading "l" from DRAM
128166385735669000
128166385727959000
7710000
Reading "b" from DRAM
128166385751448000
128166385735669000
15779000
Reading "f" from DRAM
128166385751451000
128166385751448000
3000
Reading "b" from DRAM
128166385785668000
128166385751451000
34217000
Reading "i" from DRAM
128166385795666000
128166385785668000
9998000
Reading "b" from DRAM
128166385801449000
128166385795666000
5783000
Reading "hi" from DRAM
128166385851448000
128166385801449000
49999000
Reading "i" from DRAM
128166385851450000
128166385851448000
2000
Reading "b" from DRAM
128166385855355000
128166385851450000
3905000
Reading "g" from DRAM
128166385855356000
128166385855355000
1000
Reading "b" from DRAM
128166385865668000
128166385855356000
10312000
Reading "i" from DRAM
128166385885667000
128166385865668000
19999000
Writing "bb" to DRAM
128166385893323000
128166385885667000
7656000
Reading "bb" from DRAM
128166385901449000
128166385893323000
8126000
Reading "bb" from DRAM
128166385951447000
128166385901449000
49998000
Writing "bbb" to DRAM
128166385951606000
128166385951447000
159000
Reading "bbb" from DRAM
128166385965667000
128166385951606000
14061000
Reading "bbb" from DRAM
128166385991760000
128166385965667000
26093000
Reading "i" from DRAM
128166385991761000
128166385991760000
1000
Reading "e" from DRAM
128166385991762000
128166385991761000
1000
Reading "f" from DRAM
128166385996604000
128166385991762000
4842000
Reading "j" from DRAM
128166385996605000
128166385996604000
1000
Writing "cc" to DRAM
128166386001604000
128166385996605000
4999000
Reading "cc" from DRAM
128166386005667000
128166386001604000
4063000
Reading "cc" from DRAM
128166386015666000
128166386005667000
9999000
Reading "i" from DRAM
128166386015668000
128166386015666000
2000
Reading "b" from DRAM
128166386025666000
128166386015668000
9998000
Writing "m" to DRAM
128166386051603000
128166386025666000
25937000
Writing "mm" to DRAM
128166386051605000
128166386051603000
2000
Reading "mm" from DRAM
128166386083635000
128166386051605000
32030000
Reading "m" from DRAM
128166386133633000
128166386083635000
49998000
Reading "f" from DRAM
128166386133636000
128166386133633000
3000
Reading "i" from DRAM
128166386143635000
128166386133636000
9999000
Writing "ff" to DRAM
128166386183634000
128166386143635000
39999000
Reading "ff" from DRAM
128166386233633000
128166386183634000
49999000
Writing "n" to DRAM
128166386233635000
128166386233633000
2000
Reading "n" from DRAM
128166386243633000
128166386233635000
9998000
Reading "g" from DRAM
128166386243634000
128166386243633000
1000
Reading "h" from DRAM
128166386243635000
128166386243634000
1000
Reading "b" from DRAM
128166386253634000
128166386243635000
9999000
Reading "hi" from DRAM
128166386269204000
128166386253634000
15570000
Writing "o" to DRAM
128166386283633000
128166386269204000
14429000
Writing "gg" to DRAM
128166386283634000
128166386283633000
1000
Reading "gg" from DRAM
128166386283634000
128166386283634000
0
Reading "j" from DRAM
128166386283635000
128166386283634000
1000
Reading "j" from DRAM
128166386292071000
128166386283635000
8436000
Writing "p" to DRAM
128166386292072000
128166386292071000
1000
Reading "f" from DRAM
128166386292228000
128166386292072000
156000
Reading "e" from DRAM
128166386303633000
128166386292228000
11405000
Reading "j" from DRAM
128166386333632000
128166386303633000
29999000
Reading "j" from DRAM
128166386333634000
128166386333632000
2000
Reading "e" from DRAM
128166386333635000
128166386333634000
1000
Writing "jj" to DRAM
128166386343634000
128166386333635000
9999000
Reading "jj" from DRAM
128166386383633000
128166386343634000
39999000
Reading "jj" from DRAM
128166386383634000
128166386383633000
1000
Writing "ll" to DRAM
128166386433633000
128166386383634000
49999000
Reading "ll" from DRAM
128166386433634000
128166386433633000
1000
Reading "ll" from DRAM
128166386443633000
128166386433634000
9999000
Reading "e" from DRAM
128166386443634000
128166386443633000
1000
Writing "ee" to DRAM
128166386483632000
128166386443634000
39998000
Reading "ee" from DRAM
128166386483633000
128166386483632000
1000
Reading "e" from DRAM
128166386483634000
128166386483633000
1000
Reading "b" from DRAM
128166386493632000
128166386483634000
9998000
Reading "j" from DRAM
128166386505507000
128166386493632000
11875000
Writing "q" to DRAM
128166386505508000
128166386505507000
1000
Reading "j" from DRAM
128166386533632000
128166386505508000
28124000
Reading "e" from DRAM
128166386555128000
128166386533632000
21496000
Writing "r" to DRAM
128166386555194000
128166386555128000
66000
Writing "s" to DRAM
128166386555196000
128166386555194000
2000
Reading "a" from DRAM
128166386555300000
128166386555196000
104000
Writing "ss" to DRAM
128166386555454000
128166386555300000
154000
Reading "o" from DRAM
128166386555463000
128166386555454000
9000
Reading "e" from DRAM
128166386555599000
128166386555463000
136000
Reading "b" from DRAM
128166386555662000
128166386555599000
63000
Writing "t" to DRAM
128166386555785000
128166386555662000
123000
Reading "t" from DRAM
128166386555793000
128166386555785000
8000
Writing "tt" to DRAM
128166386555799000
128166386555793000
6000
Reading "tt" from DRAM
128166386555817000
128166386555799000
18000
Writing "vv" to DRAM
128166386555916000
128166386555817000
99000
Reading "vv" from DRAM
128166386555942000
128166386555916000
26000
Reading "b" from DRAM
128166386555964000
128166386555942000
22000
Reading "t" from DRAM
128166386555968000
128166386555964000
4000
Reading "i" from DRAM
128166386555969000
128166386555968000
1000
Reading "n" from DRAM
128166386555972000
128166386555969000
3000
Reading "m" from DRAM
128166386555974000
128166386555972000
2000
Reading "t" from DRAM
128166386556213000
128166386555974000
239000
Reading "j" from DRAM
128166386556275000
128166386556213000
62000
Reading "c" from DRAM
128166386556278000
128166386556275000
3000
Reading "h" from DRAM
128166386556285000
128166386556278000
7000
Reading "o" from DRAM
128166386556286000
128166386556285000
1000
Reading "hi" from DRAM
128166386556287000
128166386556286000
1000
Reading "h" from DRAM
128166386556398000
128166386556287000
111000
Writing "u" to DRAM
128166386556401000
128166386556398000
3000
Reading "r" from DRAM
128166386556442000
128166386556401000
41000
Reading "b" from DRAM
128166386556443000
128166386556442000
1000
Reading "b" from DRAM
128166386556532000
128166386556443000
89000
Reading "s" from DRAM
128166386556581000
128166386556532000
49000
Reading "f" from DRAM
128166386556597000
128166386556581000
16000
Reading "f" from DRAM
128166386556598000
128166386556597000
1000
Reading "f" from DRAM
128166386556599000
128166386556598000
1000
Writing "ii" to DRAM
128166386556600000
128166386556599000
1000
Reading "ii" from DRAM
128166386556724000
128166386556600000
124000
Writing "ssss" to DRAM
128166386556736000
128166386556724000
12000
Reading "ssss" from DRAM
128166386556737000
128166386556736000
1000
Writing "kkk" to DRAM
128166386556740000
128166386556737000
3000
Reading "kkk" from DRAM
128166386556742000
128166386556740000
2000
Writing "qw" to DRAM
128166386556743000
128166386556742000
1000
Reading "r" from DRAM
128166386556756000
128166386556743000
13000
Reading "f" from DRAM
128166386556896000
128166386556756000
140000
Writing "sas" to DRAM
128166386556910000
128166386556896000
14000
Reading "sas" from DRAM
128166386556912000
128166386556910000
2000
Writing "sis" to DRAM
128166386557024000
128166386556912000
112000
Reading "sis" from DRAM
128166386557062000
128166386557024000
38000
Writing "fis" to DRAM
128166386557066000
128166386557062000
4000
Reading "fis" from DRAM
128166386557182000
128166386557066000
116000
Reading "fis" from DRAM
128166386557195000
128166386557182000
13000
Reading "r" from DRAM
128166386557222000
128166386557195000
27000
Reading "f" from DRAM
128166386557309000
128166386557222000
87000
Reading "r" from DRAM
128166386557315000
128166386557309000
6000
Reading "k" from DRAM
128166386557358000
128166386557315000
43000
Reading "e" from DRAM
128166386557380000
128166386557358000
22000
Writing "qwe" to DRAM
128166386557381000
128166386557380000
1000
Reading "qwe" from DRAM
128166386557487000
128166386557381000
106000
Writing "qwer" to DRAM
128166386557535000
128166386557487000
48000
Reading "qwer" from DRAM
128166386557536000
128166386557535000
1000
Writing "swer" to DRAM
128166386557537000
128166386557536000
1000
Reading "swer" from DRAM
128166386557632000
128166386557537000
95000
Reading "swer" from DRAM
128166386557671000
128166386557632000
39000
Writing "sfao" to DRAM
128166386557693000
128166386557671000
22000
Reading "sfao" from DRAM
128166386557693000
128166386557693000
0
Reading "sfao" from DRAM
128166386557694000
128166386557693000
1000
Reading "f" from DRAM
128166386557695000
128166386557694000
1000
Writing "hello" to DRAM
128166386557767000
128166386557695000
72000
Reading "hello" from DRAM
128166386557802000
128166386557767000
35000
Reading "hello" from DRAM
128166386557831000
128166386557802000
29000
Reading "f" from DRAM
128166386557837000
128166386557831000
6000
Writing "self" to DRAM
128166386557840000
128166386557837000
3000
Reading "self" from DRAM
128166386557844000
128166386557840000
4000
Writing "ch" to DRAM
128166386557845000
128166386557844000
1000
Reading "ch" from DRAM
128166386557850000
128166386557845000
5000
Writing "for" to DRAM
128166386557851000
128166386557850000
1000
Reading "for" from DRAM
128166386557910000
128166386557851000
59000
Reading "b" from DRAM
128166386557979000
128166386557910000
69000
Reading "b" from DRAM
128166386558006000
128166386557979000
27000
Reading "f" from DRAM
128166386558008000
128166386558006000
2000
Writing "bol" to DRAM
128166386558098000
128166386558008000
90000
Reading "bol" from DRAM
128166386558158000
128166386558098000
60000
Reading "bol" from DRAM
128166386558161000
128166386558158000
3000
Reading "bol" from DRAM
128166386558162000
128166386558161000
1000
Reading "t" from DRAM
128166386558164000
128166386558162000
2000
Writing "sab" to DRAM
128166386558306000
128166386558164000
142000
Reading "sab" from DRAM
128166386558313000
128166386558306000
7000
Writing "sih" to DRAM
128166386558316000
128166386558313000
3000
Reading "sih" from DRAM
128166386558317000
128166386558316000
1000
Writing "bab" to DRAM
128166386558318000
128166386558317000
1000
Reading "bab" from DRAM
128166386558320000
128166386558318000
2000
Reading "bab" from DRAM
128166386558321000
128166386558320000
1000
Writing "bih" to DRAM
128166386558425000
128166386558321000
104000
Reading "bih" from DRAM
128166386558447000
128166386558425000
22000
Reading "bih" from DRAM
128166386558456000
128166386558447000
9000
Reading "j" from DRAM
128166386558473000
128166386558456000
17000
Reading "j" from DRAM
128166386558475000
128166386558473000
2000
Writing "sleep" to DRAM
128166386558571000
128166386558475000
96000
Reading "sleep" from DRAM
128166386558589000
128166386558571000
18000
Reading "sleep" from DRAM
128166386558631000
128166386558589000
42000
Writing "top" to DRAM
128166386558633000
128166386558631000
2000
Reading "top" from DRAM
128166386558742000
128166386558633000
109000
Writing "try" to DRAM
128166386558782000
128166386558742000
40000
Reading "try" from DRAM
128166386558787000
128166386558782000
5000
Reading "f" from DRAM
128166386558896000
128166386558787000
109000
Reading "b" from DRAM
128166386558943000
128166386558896000
47000
Reading "f" from DRAM
128166386558944000
128166386558943000
1000
Reading "t" from DRAM
128166386558945000
128166386558944000
1000
Writing "blip" to DRAM
128166386558946000
128166386558945000
1000
Reading "blip" from DRAM
128166386559036000
128166386558946000
90000
Writing "last" to DRAM
128166386559047000
128166386559036000
11000
Reading "last" from DRAM
128166386559094000
128166386559047000
47000
Reading "last" from DRAM
128166386559099000
128166386559094000
5000
Writing "left" to DRAM
128166386559100000
128166386559099000
1000
Reading "left" from DRAM
128166386559193000
128166386559100000
93000
Reading "left" from DRAM
128166386559256000
128166386559193000
63000
Writing "right" to DRAM
128166386559324000
128166386559256000
68000
Reading "right" from DRAM
128166386559372000
128166386559324000
48000
Reading "right" from DRAM
128166386559398000
128166386559372000
26000
Reading "right" from DRAM
128166386559408000
128166386559398000
10000
Writing "rea" to DRAM
128166386559412000
128166386559408000
4000
Reading "rea" from DRAM
128166386559413000
128166386559412000
1000
Reading "rea" from DRAM
128166386559414000
128166386559413000
1000
Reading "rea" from DRAM
128166386559511000
128166386559414000
97000
Writing "set" to DRAM
128166386559550000
128166386559511000
39000
Reading "set" from DRAM
128166386559568000
128166386559550000
18000
Reading "set" from DRAM
128166386559608000
128166386559568000
40000
Writing "see" to DRAM
128166386559669000
128166386559608000
61000
Reading "see" from DRAM
128166386559701000
128166386559669000
32000
Reading "see" from DRAM
128166386559717000
128166386559701000
16000
Reading "see" from DRAM
128166386559724000
128166386559717000
7000
Reading "b" from DRAM
128166386559725000
128166386559724000
1000
Reading "t" from DRAM
128166386559810000
128166386559725000
85000
Reading "t" from DRAM
128166386559821000
128166386559810000
11000
Writing "bob" to DRAM
128166386559876000
128166386559821000
55000
Reading "bob" from DRAM
128166386559881000
128166386559876000
5000
Reading "bob" from DRAM
128166386559972000
128166386559881000
91000
Writing "alice" to DRAM
128166386560036000
128166386559972000
64000
Reading "alice" from DRAM
128166386560037000
128166386560036000
1000
Reading "b" from DRAM
128166386560131000
128166386560037000
94000
Reading "t" from DRAM
128166386560179000
128166386560131000
48000
Reading "n" from DRAM
128166386560180000
128166386560179000
1000
Reading "e" from DRAM
128166386560187000
128166386560180000
7000
Reading "b" from DRAM
128166386560188000
128166386560187000
1000
Reading "j" from DRAM
128166386560191000
128166386560188000
3000
Reading "e" from DRAM
128166386560192000
128166386560191000
1000
Reading "b" from DRAM
128166386560193000
128166386560192000
1000
Reading "j" from DRAM
128166386560193000
128166386560193000
0
Reading "g" from DRAM
128166386560195000
128166386560193000
2000
Reading "bb" from DRAM
128166386560294000
128166386560195000
99000
Reading "h" from DRAM
128166386560344000
128166386560294000
50000
Reading "f" from DRAM
128166386560350000
128166386560344000
6000
Reading "s" from DRAM
128166386560351000
128166386560350000
1000
Reading "f" from DRAM
128166386560352000
128166386560351000
1000
Reading "q" from DRAM
128166386560451000
128166386560352000
99000
Reading "f" from DRAM
128166386560468000
128166386560451000
17000
Reading "j" from DRAM
128166386560506000
128166386560468000
38000
Reading "r" from DRAM
128166386560594000
128166386560506000
88000
Reading "f" from DRAM
128166386560622000
128166386560594000
28000
Reading "b" from DRAM
128166386560663000
128166386560622000
41000
Reading "r" from DRAM
128166386560788000
128166386560663000
125000
Reading "r" from DRAM
128166386560812000
128166386560788000
24000
Reading "t" from DRAM
128166386560818000
128166386560812000
6000
Reading "b" from DRAM
128166386560950000
128166386560818000
132000
Reading "b" from DRAM
128166386560963000
128166386560950000
13000
Reading "e" from DRAM
128166386560969000
128166386560963000
6000
Reading "f" from DRAM
128166386560970000
128166386560969000
1000
Reading "j" from DRAM
128166386560972000
128166386560970000
2000
Reading "e" from DRAM
128166386560974000
128166386560972000
2000
Reading "j" from DRAM
128166386560975000
128166386560974000
1000
Reading "j" from DRAM
128166386560976000
128166386560975000
1000
Reading "j" from DRAM
128166386560977000
128166386560976000
1000
Reading "j" from DRAM
128166386561090000
128166386560977000
113000
Reading "r" from DRAM
128166386561102000
128166386561090000
12000
Reading "r" from DRAM
128166386561108000
128166386561102000
6000
Reading "e" from DRAM
128166386561119000
128166386561108000
11000
Reading "f" from DRAM
128166386561131000
128166386561119000
12000
Reading "b" from DRAM
128166386561197000
128166386561131000
66000
Reading "f" from DRAM
128166386561271000
128166386561197000
74000
Reading "f" from DRAM
128166386561277000
128166386561271000
6000
Reading "j" from DRAM
128166386561283000
128166386561277000
6000
Reading "r" from DRAM
128166386561287000
128166386561283000
4000
Reading "r" from DRAM
128166386561375000
128166386561287000
88000
Reading "hi" from DRAM
128166386561441000
128166386561375000
66000
Reading "u" from DRAM
128166386561442000
128166386561441000
1000
Reading "b" from DRAM
128166386561443000
128166386561442000
1000
Reading "b" from DRAM
128166386561558000
128166386561443000
115000
Reading "e" from DRAM
128166386561597000
128166386561558000
39000
Reading "j" from DRAM
128166386561598000
128166386561597000
1000
Reading "b" from DRAM
128166386561599000
128166386561598000
1000
Reading "j" from DRAM
128166386561664000
128166386561599000
65000
Reading "f" from DRAM
128166386561754000
128166386561664000
90000
Reading "j" from DRAM
128166386561755000
128166386561754000
1000
Reading "e" from DRAM
128166386561912000
128166386561755000
157000
Reading "e" from DRAM
128166386561914000
128166386561912000
2000
Reading "b" from DRAM
128166386561999000
128166386561914000
85000
Writing "v" to DRAM
128166386562068000
128166386561999000
69000
Reading "t" from DRAM
128166386562191000
128166386562068000
123000
Reading "t" from DRAM
128166386562224000
128166386562191000
33000
Reading "f" from DRAM
128166386562225000
128166386562224000
1000
Reading "b" from DRAM
128166386562226000
128166386562225000
1000
Reading "b" from DRAM
128166386562227000
128166386562226000
1000
Reading "t" from DRAM
128166386562337000
128166386562227000
110000
Reading "r" from DRAM
128166386562364000
128166386562337000
27000
Reading "t" from DRAM
128166386562380000
128166386562364000
16000
Reading "t" from DRAM
128166386562381000
128166386562380000
1000
Reading "r" from DRAM
128166386562382000
128166386562381000
1000
Reading "j" from DRAM
128166386562383000
128166386562382000
1000
Reading "b" from DRAM
128166386562504000
128166386562383000
121000
Reading "t" from DRAM
128166386562509000
128166386562504000
5000
Reading "k" from DRAM
128166386562529000
128166386562509000
20000
Reading "g" from DRAM
128166386562537000
128166386562529000
8000
Reading "b" from DRAM
128166386562539000
128166386562537000
2000
Reading "q" from DRAM
128166386562638000
128166386562539000
99000
Reading "j" from DRAM
128166386562652000
128166386562638000
14000
Reading "b" from DRAM
128166386562693000
128166386562652000
41000
Reading "j" from DRAM
128166386562818000
128166386562693000
125000
Reading "j" from DRAM
128166386562819000
128166386562818000
1000
Reading "v" from DRAM
128166386562821000
128166386562819000
2000
Reading "b" from DRAM
128166386562919000
128166386562821000
98000
Reading "a" from DRAM
128166386562976000
128166386562919000
57000
Reading "g" from DRAM
128166386563003000
128166386562976000
27000
Reading "j" from DRAM
128166386563004000
128166386563003000
1000
Writing "x" to DRAM
128166386563005000
128166386563004000
1000
Reading "j" from DRAM
128166386563094000
128166386563005000
89000
Writing "y" to DRAM
128166386563095000
128166386563094000
1000
Reading "h" from DRAM
128166386563160000
128166386563095000
65000
Reading "j" from DRAM
128166386563161000
128166386563160000
1000
Reading "j" from DRAM
128166386563162000
128166386563161000
1000
Reading "j" from DRAM
128166386563249000
128166386563162000
87000
Reading "j" from DRAM
128166386563270000
128166386563249000
21000
Reading "b" from DRAM
128166386563316000
128166386563270000
46000
Reading "j" from DRAM
128166386563318000
128166386563316000
2000
Writing "z" to DRAM
128166386563319000
128166386563318000
1000
Reading "j" from DRAM
128166386563320000
128166386563319000
1000
Reading "j" from DRAM
128166386563421000
128166386563320000
101000
Reading "r" from DRAM
128166386563422000
128166386563421000
1000
Reading "b" from DRAM
128166386563474000
128166386563422000
52000
Reading "e" from DRAM
128166386563475000
128166386563474000
1000
Reading "j" from DRAM
128166386563477000
128166386563475000
2000
Reading "j" from DRAM
128166386563590000
128166386563477000
113000
Reading "j" from DRAM
128166386563617000
128166386563590000
27000
Reading "g" from DRAM
128166386563629000
128166386563617000
12000
Reading "h" from DRAM
128166386563632000
128166386563629000
3000
Reading "r" from DRAM
128166386563632000
128166386563632000
0
Reading "bb" from DRAM
128166386563633000
128166386563632000
1000
Reading "bb" from DRAM
128166386563662000
128166386563633000
29000
Reading "z" from DRAM
128166386564042000
128166386563662000
380000
Reading "y" from DRAM
128166386564055000
128166386564042000
13000
Reading "x" from DRAM
128166386564069000
128166386564055000
14000
Reading "qw" from DRAM
128166386564100000
128166386564069000
31000
Reading "ss" from DRAM
128166386564202000
128166386564100000
102000
Reading "p" from DRAM
128166386564207000
128166386564202000
5000
Writing "God" to DRAM
128166386564213000
128166386564207000
6000
Reading "God" from DRAM
128166386564253000
128166386564213000
40000
Reading "God" from DRAM
128166386564254000
128166386564253000
1000
Writing "lui" to DRAM
128166386564255000
128166386564254000
1000
Reading "lui" from DRAM
128166386564256000
128166386564255000
1000
Reading "gig" from DRAM
128166386564362000
128166386564256000
106000
Writing "aa" to DRAM
128166386564414000
128166386564362000
52000
Reading "aa" from DRAM
128166386564517000
128166386564414000
103000
Writing "w" to DRAM
128166386564534000
128166386564517000
17000
Reading "w" from DRAM
128166386564546000
128166386564534000
12000
Writing "ww" to DRAM
128166386564560000
128166386564546000
14000
Reading "ww" from DRAM
128166386564561000
128166386564560000
1000
Writing "cid" to DRAM
128166386564562000
128166386564561000
1000
Reading "cid" from DRAM
128166386564567000
128166386564562000
5000
Reading "cid" from DRAM
128166386564689000
128166386564567000
122000
Writing "wet" to DRAM
128166386564704000
128166386564689000
15000
Reading "wet" from DRAM
128166386564711000
128166386564704000
7000
Writing "what" to DRAM
128166386564714000
128166386564711000
3000
Reading "what" from DRAM
128166386564718000
128166386564714000
4000
Writing "why" to DRAM
128166386564719000
128166386564718000
1000
Reading "why" from DRAM
128166386564836000
128166386564719000
117000
Writing "yes" to DRAM
128166386564867000
128166386564836000
31000
Reading "yes" from DRAM
128166386564997000
128166386564867000
130000
Writing "no" to DRAM
128166386565005000
128166386564997000
8000
Reading "no" from DRAM
128166386565030000
128166386565005000
25000
"li" cache miss
128166386565036000
128166386565030000
6000
Writing "li" to DRAM
128166386565037000
128166386565036000
1000
Reading "li" from DRAM
128166386565039000
128166386565037000
2000
Writing "lo" to DRAM
128166386565150000
128166386565039000
111000
Reading "lo" from DRAM
128166386565154000
128166386565150000
4000
Writing "pl" to DRAM
128166386565157000
128166386565154000
3000
Reading "pl" from DRAM
128166386565160000
128166386565157000
3000
Writing "life" to DRAM
128166386565188000
128166386565160000
28000
Reading "life" from DRAM
128166386565191000
128166386565188000
3000
Writing "yup" to DRAM
128166386565289000
128166386565191000
98000
Reading "yup" from DRAM
128166386565322000
128166386565289000
33000
Reading "yup" from DRAM
128166386565330000
128166386565322000
8000
Writing "dry" to DRAM
128166386565347000
128166386565330000
17000
Reading "dry" from DRAM
128166386565454000
128166386565347000
107000
Writing "the" to DRAM
128166386565472000
128166386565454000
18000
Reading "the" from DRAM
128166386565478000
128166386565472000
6000
Writing "that" to DRAM
128166386565479000
128166386565478000
1000
Reading "that" from DRAM
128166386565504000
128166386565479000
25000
Writing "vid" to DRAM
128166386565607000
128166386565504000
103000
Reading "vid" from DRAM
